<?xml version="1.0" encoding="UTF-8"?>
<!-- Generated by org.testng.reporters.JUnitReportReporter -->
<testsuite hostname="DESKTOP-BU3BUU7" failures="0" tests="2" name="tests.Test1" time="0.010" errors="0" timestamp="2024-12-16T22:48:25 IST" skipped="0">
  <testcase classname="tests.Test1" name="method2" time="0.001"/>
  <system-out/>
  <testcase classname="tests.Test1" name="method1" time="0.009"/>
  <system-out/>
</testsuite> <!-- tests.Test1 -->
